2024/05/18 18:05:28 INFO starting server on localhost:3000 
2024/05/18 18:05:48 INFO starting server on localhost:3001 
2024/05/18 18:06:56 INFO starting server on localhost:3001 
2024/05/18 18:08:02 INFO starting server on localhost:3001 
2024/05/18 18:18:16 INFO starting server on localhost:3001 
2024/05/18 18:45:37 INFO starting server on localhost:3001 
2024/05/18 19:48:57 INFO starting server on localhost:3001 
2024/05/18 22:38:23 INFO starting server on localhost:3001 
2024/05/18 22:50:14 INFO starting server on localhost:3001 
2024/05/18 22:52:37 INFO starting server on localhost:3001 
2024/05/18 22:58:27 ERROR error binding JSON for user: sql: no rows in result set 
2024/05/18 22:58:27 ERROR error binding JSON for user: sql: no rows in result set 
2024/05/18 23:02:17 ERROR error binding JSON for user: sql: no rows in result set 
2024/05/18 23:02:17 ERROR error binding JSON for user: sql: no rows in result set 
2024/05/18 23:03:44 ERROR error binding JSON for user: sql: no rows in result set 
2024/05/18 23:03:44 ERROR error binding JSON for user: sql: no rows in result set 
2024/05/18 23:04:20 ERROR error binding JSON for user: sql: no rows in result set 
2024/05/18 23:04:20 ERROR error binding JSON for user: sql: no rows in result set 
2024/05/18 23:04:24 ERROR error binding JSON for user: sql: no rows in result set 
2024/05/18 23:04:55 INFO starting server on localhost:3001 
2024/05/18 23:04:57 ERROR error binding JSON for user: sql: no rows in result set 
2024/05/18 23:05:11 INFO starting server on localhost:3001 
2024/05/18 23:05:12 ERROR error binding JSON for user: sql: no rows in result set 
2024/05/18 23:05:28 INFO starting server on localhost:3001 
2024/05/18 23:05:37 ERROR error binding JSON for user: sql: no rows in result set 
2024/05/18 23:10:03 INFO starting server on localhost:3001 
2024/05/18 23:10:10 ERROR error binding JSON for user: sql: no rows in result set 
2024/05/18 23:13:41 INFO starting server on localhost:3001 
2024/05/18 23:45:09 INFO starting server on localhost:3001 
2024/05/18 23:45:46 INFO starting server on localhost:3001 
2024/05/18 23:48:14 INFO starting server on localhost:3001 
2024/05/18 23:49:09 INFO starting server on localhost:3001 
2024/05/18 23:49:13 ERROR error binding JSON for user: sql: database is closed 
2024/05/19 00:08:25 ERROR database ping error: pq: ·‡Á‡ ‰‡ÌÌ˚ı "crm-authService" ÌÂ ÒÛ˘ÂÒÚ‚ÛÂÚ 
2024/05/19 00:08:25 INFO starting server on localhost:3001 
2024/05/19 00:10:05 INFO starting server on localhost:3001 
2024/05/19 12:02:04 INFO starting server on localhost:3001 
2024/05/19 12:33:19 INFO starting server on localhost:3001 
2024/05/19 12:33:41 ERROR user not found: user not found 
2024/05/19 12:34:04 INFO starting server on localhost:3001 
2024/05/19 12:34:07 ERROR user not found: sql: no rows in result set 
2024/05/19 13:26:13 INFO starting server on localhost:3001 
2024/05/19 13:26:20 ERROR user not found: sql: no rows in result set 
2024/05/19 13:28:22 INFO starting server on localhost:3001 
2024/05/19 13:38:07 INFO starting server on localhost:3001 
2024/05/19 13:39:11 ERROR database query error: pq: –ø–æ–≤—Ç–æ—Ä—è—é—â–µ–µ—Å—è –∑–Ω–∞—á–µ–Ω–∏–µ –∫–ª—é—á–∞ –Ω–∞—Ä—É—à–∞–µ—Ç –æ–≥—Ä–∞–Ω–∏—á–µ–Ω–∏–µ —É–Ω–∏–∫–∞–ª—å–Ω–æ—Å—Ç–∏ "users_pk" 
2024/05/19 13:40:02 ERROR database query error: pq: –ø–æ–≤—Ç–æ—Ä—è—é—â–µ–µ—Å—è –∑–Ω–∞—á–µ–Ω–∏–µ –∫–ª—é—á–∞ –Ω–∞—Ä—É—à–∞–µ—Ç –æ–≥—Ä–∞–Ω–∏—á–µ–Ω–∏–µ —É–Ω–∏–∫–∞–ª—å–Ω–æ—Å—Ç–∏ "users_pk" 
2024/05/19 13:40:08 ERROR database query error: pq: –ø–æ–≤—Ç–æ—Ä—è—é—â–µ–µ—Å—è –∑–Ω–∞—á–µ–Ω–∏–µ –∫–ª—é—á–∞ –Ω–∞—Ä—É—à–∞–µ—Ç –æ–≥—Ä–∞–Ω–∏—á–µ–Ω–∏–µ —É–Ω–∏–∫–∞–ª—å–Ω–æ—Å—Ç–∏ "users_pk" 
2024/05/19 13:40:22 ERROR database query error: pq: –ø–æ–≤—Ç–æ—Ä—è—é—â–µ–µ—Å—è –∑–Ω–∞—á–µ–Ω–∏–µ –∫–ª—é—á–∞ –Ω–∞—Ä—É—à–∞–µ—Ç –æ–≥—Ä–∞–Ω–∏—á–µ–Ω–∏–µ —É–Ω–∏–∫–∞–ª—å–Ω–æ—Å—Ç–∏ "users_pk" 
2024/05/19 13:40:35 ERROR database query error: pq: –ø–æ–≤—Ç–æ—Ä—è—é—â–µ–µ—Å—è –∑–Ω–∞—á–µ–Ω–∏–µ –∫–ª—é—á–∞ –Ω–∞—Ä—É—à–∞–µ—Ç –æ–≥—Ä–∞–Ω–∏—á–µ–Ω–∏–µ —É–Ω–∏–∫–∞–ª—å–Ω–æ—Å—Ç–∏ "users_pk" 
2024/05/19 13:40:46 ERROR database query error: pq: –ø–æ–≤—Ç–æ—Ä—è—é—â–µ–µ—Å—è –∑–Ω–∞—á–µ–Ω–∏–µ –∫–ª—é—á–∞ –Ω–∞—Ä—É—à–∞–µ—Ç –æ–≥—Ä–∞–Ω–∏—á–µ–Ω–∏–µ —É–Ω–∏–∫–∞–ª—å–Ω–æ—Å—Ç–∏ "users_pk" 
2024/05/19 19:25:14 INFO starting server on localhost:3001 
2024/05/19 19:25:54 INFO user found userLogin=123
2024/05/19 19:25:54 INFO session created userId=18
2024/05/19 19:27:36 ERROR user not found: sql: no rows in result set userLogin=123
2024/05/19 19:30:37 ERROR session not found: sql: no rows in result set 
2024/05/19 19:31:54 INFO user found userLogin=123
2024/05/19 19:31:55 INFO session created userId=18
2024/05/19 19:34:04 INFO starting server on localhost:3001 
2024/05/19 19:36:21 INFO starting server on localhost:3001 
2024/05/19 19:36:41 INFO authorization old access= new access=aad1ca4c1c27052199865b164008e9c3b1f649630189aa3de16e57b82eec986d
2024/05/19 19:37:56 INFO starting server on localhost:3001 
2024/05/19 19:38:11 INFO authorization old access=aad1ca4c1c27052199865b164008e9c3b1f649630189aa3de16e57b82eec986d new access=aad1ca4c1c27052199865b164008e9c3b1f649630189aa3de16e57b82eec986d
2024/05/19 19:38:36 INFO authorization old access= new access=abdb044e7cc18ae1f70932e536c507303b780d8167f0c3ee2759453cbca12f43
2024/05/19 19:40:39 INFO starting server on localhost:3001 
2024/05/19 19:40:43 INFO authorization old access= new access=a61af37811b0736e531592104528315f208dbe57786925d26c30c56856831622
2024/05/19 19:42:41 INFO starting server on localhost:3001 
2024/05/19 19:43:04 INFO authorization old access= new access=573da3d14f6964a328baad6e663dc78c883576e2aec6ac5a953eab2c6d773783
2024/05/19 20:01:28 INFO starting server on localhost:3001 
2024/05/19 20:02:32 INFO starting server on localhost:3001 
2024/05/19 20:04:40 INFO starting server on localhost:3001 
2024/05/19 20:38:39 INFO starting server on localhost:3001 
2024/05/20 00:02:02 INFO starting server on localhost:3001 
2024/05/20 00:17:57 INFO user found userLogin=123
2024/05/20 00:17:57 INFO session created userId=18
2024/05/20 00:18:46 INFO user found userLogin=123
2024/05/20 00:18:46 INFO session created userId=18
2024/05/20 00:20:07 INFO user found userLogin=123
2024/05/20 00:20:07 INFO session created userId=18
2024/05/20 00:20:27 INFO user found userLogin=123
2024/05/20 00:20:27 INFO session created userId=18
2024/05/20 00:31:29 ERROR session not found: sql: no rows in result set 
2024/05/20 00:35:07 ERROR session not found: sql: no rows in result set 
2024/05/20 00:35:39 ERROR session not found: sql: no rows in result set 
2024/05/20 00:35:39 ERROR session not found: sql: no rows in result set 
2024/05/20 00:35:39 ERROR session not found: sql: no rows in result set 
2024/05/20 00:35:39 ERROR session not found: sql: no rows in result set 
2024/05/20 00:35:39 ERROR session not found: sql: no rows in result set 
2024/05/20 00:35:39 ERROR session not found: sql: no rows in result set 
2024/05/20 00:35:39 ERROR session not found: sql: no rows in result set 
2024/05/20 00:35:39 ERROR session not found: sql: no rows in result set 
2024/05/20 00:35:39 ERROR session not found: sql: no rows in result set 
2024/05/20 00:35:39 ERROR session not found: sql: no rows in result set 
2024/05/20 00:35:39 ERROR session not found: sql: no rows in result set 
2024/05/20 00:35:39 ERROR session not found: sql: no rows in result set 
2024/05/20 00:35:39 ERROR session not found: sql: no rows in result set 
2024/05/20 00:35:39 ERROR session not found: sql: no rows in result set 
2024/05/20 00:35:39 ERROR session not found: sql: no rows in result set 
2024/05/20 00:35:39 ERROR session not found: sql: no rows in result set 
2024/05/20 00:35:39 ERROR session not found: sql: no rows in result set 
2024/05/20 00:35:39 ERROR session not found: sql: no rows in result set 
2024/05/20 00:35:39 ERROR session not found: sql: no rows in result set 
2024/05/20 00:35:39 ERROR session not found: sql: no rows in result set 
2024/05/20 00:35:39 ERROR session not found: sql: no rows in result set 
2024/05/20 00:35:39 ERROR session not found: sql: no rows in result set 
2024/05/20 00:35:39 ERROR session not found: sql: no rows in result set 
2024/05/20 00:35:39 ERROR session not found: sql: no rows in result set 
2024/05/20 00:35:39 ERROR session not found: sql: no rows in result set 
2024/05/20 00:35:39 ERROR session not found: sql: no rows in result set 
2024/05/20 00:35:39 ERROR session not found: sql: no rows in result set 
2024/05/20 00:35:39 ERROR session not found: sql: no rows in result set 
2024/05/20 00:35:39 ERROR session not found: sql: no rows in result set 
2024/05/20 00:35:39 ERROR session not found: sql: no rows in result set 
2024/05/20 00:35:39 ERROR session not found: sql: no rows in result set 
2024/05/20 00:35:39 ERROR session not found: sql: no rows in result set 
2024/05/20 00:35:39 ERROR session not found: sql: no rows in result set 
2024/05/20 00:35:39 ERROR session not found: sql: no rows in result set 
2024/05/20 00:35:39 ERROR session not found: sql: no rows in result set 
2024/05/20 00:35:39 ERROR session not found: sql: no rows in result set 
2024/05/20 00:35:39 ERROR session not found: sql: no rows in result set 
2024/05/20 00:35:39 ERROR session not found: sql: no rows in result set 
2024/05/20 00:35:39 ERROR session not found: sql: no rows in result set 
2024/05/20 00:35:39 ERROR session not found: sql: no rows in result set 
2024/05/20 00:35:40 ERROR session not found: sql: no rows in result set 
2024/05/20 00:35:40 ERROR session not found: sql: no rows in result set 
2024/05/20 00:35:40 ERROR session not found: sql: no rows in result set 
2024/05/20 00:35:40 ERROR session not found: sql: no rows in result set 
2024/05/20 00:35:40 ERROR session not found: sql: no rows in result set 
2024/05/20 00:35:40 ERROR session not found: sql: no rows in result set 
2024/05/20 00:35:40 ERROR session not found: sql: no rows in result set 
2024/05/20 00:35:40 ERROR session not found: sql: no rows in result set 
2024/05/20 00:35:40 ERROR session not found: sql: no rows in result set 
2024/05/20 00:35:40 ERROR session not found: sql: no rows in result set 
2024/05/20 00:35:40 ERROR session not found: sql: no rows in result set 
2024/05/20 00:35:40 ERROR session not found: sql: no rows in result set 
2024/05/20 00:35:40 ERROR session not found: sql: no rows in result set 
2024/05/20 00:35:40 ERROR session not found: sql: no rows in result set 
2024/05/20 00:35:40 ERROR session not found: sql: no rows in result set 
2024/05/20 00:35:40 ERROR session not found: sql: no rows in result set 
2024/05/20 00:35:40 ERROR session not found: sql: no rows in result set 
2024/05/20 00:35:40 ERROR session not found: sql: no rows in result set 
2024/05/20 00:35:40 ERROR session not found: sql: no rows in result set 
2024/05/20 00:35:40 ERROR session not found: sql: no rows in result set 
2024/05/20 00:35:40 ERROR session not found: sql: no rows in result set 
2024/05/20 00:35:40 ERROR session not found: sql: no rows in result set 
2024/05/20 00:35:40 ERROR session not found: sql: no rows in result set 
2024/05/20 00:35:40 ERROR session not found: sql: no rows in result set 
2024/05/20 00:35:40 ERROR session not found: sql: no rows in result set 
2024/05/20 00:35:40 ERROR session not found: sql: no rows in result set 
2024/05/20 00:35:40 ERROR session not found: sql: no rows in result set 
2024/05/20 00:35:40 ERROR session not found: sql: no rows in result set 
2024/05/20 00:35:40 ERROR session not found: sql: no rows in result set 
2024/05/20 00:35:40 ERROR session not found: sql: no rows in result set 
2024/05/20 00:35:40 ERROR session not found: sql: no rows in result set 
2024/05/20 00:35:40 ERROR session not found: sql: no rows in result set 
2024/05/20 00:35:40 ERROR session not found: sql: no rows in result set 
2024/05/20 00:35:40 ERROR session not found: sql: no rows in result set 
2024/05/20 00:35:40 ERROR session not found: sql: no rows in result set 
2024/05/20 00:35:40 ERROR session not found: sql: no rows in result set 
2024/05/20 00:35:40 ERROR session not found: sql: no rows in result set 
2024/05/20 00:35:40 ERROR session not found: sql: no rows in result set 
2024/05/20 00:35:40 ERROR session not found: sql: no rows in result set 
2024/05/20 00:35:40 ERROR session not found: sql: no rows in result set 
2024/05/20 00:35:40 ERROR session not found: sql: no rows in result set 
2024/05/20 00:35:40 ERROR session not found: sql: no rows in result set 
2024/05/20 00:35:40 ERROR session not found: sql: no rows in result set 
2024/05/20 00:35:40 ERROR session not found: sql: no rows in result set 
2024/05/20 00:35:40 ERROR session not found: sql: no rows in result set 
2024/05/20 00:35:40 ERROR session not found: sql: no rows in result set 
2024/05/20 00:35:40 ERROR session not found: sql: no rows in result set 
2024/05/20 00:35:40 ERROR session not found: sql: no rows in result set 
2024/05/20 00:35:40 ERROR session not found: sql: no rows in result set 
2024/05/20 00:35:40 ERROR session not found: sql: no rows in result set 
2024/05/20 00:35:40 ERROR session not found: sql: no rows in result set 
2024/05/20 00:35:40 ERROR session not found: sql: no rows in result set 
2024/05/20 00:35:40 ERROR session not found: sql: no rows in result set 
2024/05/20 00:35:40 ERROR session not found: sql: no rows in result set 
2024/05/20 00:35:40 ERROR session not found: sql: no rows in result set 
2024/05/20 00:35:40 ERROR session not found: sql: no rows in result set 
2024/05/20 00:35:40 ERROR session not found: sql: no rows in result set 
2024/05/20 00:35:40 ERROR session not found: sql: no rows in result set 
2024/05/20 00:35:40 ERROR session not found: sql: no rows in result set 
2024/05/20 00:35:40 ERROR session not found: sql: no rows in result set 
2024/05/20 00:35:40 ERROR session not found: sql: no rows in result set 
2024/05/20 00:35:40 ERROR session not found: sql: no rows in result set 
2024/05/20 00:35:40 ERROR session not found: sql: no rows in result set 
2024/05/20 00:35:40 ERROR session not found: sql: no rows in result set 
2024/05/20 00:35:40 ERROR session not found: sql: no rows in result set 
2024/05/20 00:35:40 ERROR session not found: sql: no rows in result set 
2024/05/20 00:35:40 ERROR session not found: sql: no rows in result set 
2024/05/20 00:35:40 ERROR session not found: sql: no rows in result set 
2024/05/20 00:35:40 ERROR session not found: sql: no rows in result set 
2024/05/20 00:35:40 ERROR session not found: sql: no rows in result set 
2024/05/20 00:35:40 ERROR session not found: sql: no rows in result set 
2024/05/20 00:35:40 ERROR session not found: sql: no rows in result set 
2024/05/20 00:35:40 ERROR session not found: sql: no rows in result set 
2024/05/20 00:35:40 ERROR session not found: sql: no rows in result set 
2024/05/20 00:35:40 ERROR session not found: sql: no rows in result set 
2024/05/20 00:35:40 ERROR session not found: sql: no rows in result set 
2024/05/20 00:35:40 ERROR session not found: sql: no rows in result set 
2024/05/20 00:35:40 ERROR session not found: sql: no rows in result set 
2024/05/20 00:35:40 ERROR session not found: sql: no rows in result set 
2024/05/20 00:35:40 ERROR session not found: sql: no rows in result set 
2024/05/20 00:35:40 ERROR session not found: sql: no rows in result set 
2024/05/20 00:35:40 ERROR session not found: sql: no rows in result set 
2024/05/20 00:35:40 ERROR session not found: sql: no rows in result set 
2024/05/20 00:35:40 ERROR session not found: sql: no rows in result set 
2024/05/20 00:35:40 ERROR session not found: sql: no rows in result set 
2024/05/20 00:35:40 ERROR session not found: sql: no rows in result set 
2024/05/20 00:35:40 ERROR session not found: sql: no rows in result set 
2024/05/20 00:35:40 ERROR session not found: sql: no rows in result set 
2024/05/20 00:35:40 ERROR session not found: sql: no rows in result set 
2024/05/20 00:35:40 ERROR session not found: sql: no rows in result set 
2024/05/20 00:35:40 ERROR session not found: sql: no rows in result set 
2024/05/20 00:35:40 ERROR session not found: sql: no rows in result set 
2024/05/20 00:35:40 ERROR session not found: sql: no rows in result set 
2024/05/20 00:35:40 ERROR session not found: sql: no rows in result set 
2024/05/20 00:35:40 ERROR session not found: sql: no rows in result set 
2024/05/20 00:35:40 ERROR session not found: sql: no rows in result set 
2024/05/20 00:35:40 ERROR session not found: sql: no rows in result set 
2024/05/20 00:35:40 ERROR session not found: sql: no rows in result set 
2024/05/20 00:35:40 ERROR session not found: sql: no rows in result set 
2024/05/20 00:35:40 ERROR session not found: sql: no rows in result set 
2024/05/20 00:35:40 ERROR session not found: sql: no rows in result set 
2024/05/20 00:35:40 ERROR session not found: sql: no rows in result set 
2024/05/20 00:35:40 ERROR session not found: sql: no rows in result set 
2024/05/20 00:35:40 ERROR session not found: sql: no rows in result set 
2024/05/20 00:35:40 ERROR session not found: sql: no rows in result set 
2024/05/20 00:35:40 ERROR session not found: sql: no rows in result set 
2024/05/20 00:35:40 ERROR session not found: sql: no rows in result set 
2024/05/20 00:35:40 ERROR session not found: sql: no rows in result set 
2024/05/20 00:35:40 ERROR session not found: sql: no rows in result set 
2024/05/20 00:35:40 ERROR session not found: sql: no rows in result set 
2024/05/20 00:35:40 ERROR session not found: sql: no rows in result set 
2024/05/20 00:35:40 ERROR session not found: sql: no rows in result set 
2024/05/20 00:35:40 ERROR session not found: sql: no rows in result set 
2024/05/20 00:35:40 ERROR session not found: sql: no rows in result set 
2024/05/20 00:35:40 ERROR session not found: sql: no rows in result set 
2024/05/20 00:35:40 ERROR session not found: sql: no rows in result set 
2024/05/20 00:35:40 ERROR session not found: sql: no rows in result set 
2024/05/20 00:35:40 ERROR session not found: sql: no rows in result set 
2024/05/20 00:35:40 ERROR session not found: sql: no rows in result set 
2024/05/20 00:35:40 ERROR session not found: sql: no rows in result set 
2024/05/20 00:35:40 ERROR session not found: sql: no rows in result set 
2024/05/20 00:35:40 ERROR session not found: sql: no rows in result set 
2024/05/20 00:35:40 ERROR session not found: sql: no rows in result set 
2024/05/20 00:35:40 ERROR session not found: sql: no rows in result set 
2024/05/20 00:35:40 ERROR session not found: sql: no rows in result set 
2024/05/20 00:35:40 ERROR session not found: sql: no rows in result set 
2024/05/20 00:35:40 ERROR session not found: sql: no rows in result set 
2024/05/20 00:35:41 ERROR session not found: sql: no rows in result set 
2024/05/20 00:35:41 ERROR session not found: sql: no rows in result set 
2024/05/20 00:35:41 ERROR session not found: sql: no rows in result set 
2024/05/20 00:35:41 ERROR session not found: sql: no rows in result set 
2024/05/20 00:35:41 ERROR session not found: sql: no rows in result set 
2024/05/20 00:35:41 ERROR session not found: sql: no rows in result set 
2024/05/20 00:35:41 ERROR session not found: sql: no rows in result set 
2024/05/20 00:35:41 ERROR session not found: sql: no rows in result set 
2024/05/20 00:35:41 ERROR session not found: sql: no rows in result set 
2024/05/20 00:35:41 ERROR session not found: sql: no rows in result set 
2024/05/20 00:35:41 ERROR session not found: sql: no rows in result set 
2024/05/20 00:35:41 ERROR session not found: sql: no rows in result set 
2024/05/20 00:35:41 ERROR session not found: sql: no rows in result set 
2024/05/20 00:35:41 ERROR session not found: sql: no rows in result set 
2024/05/20 00:35:41 ERROR session not found: sql: no rows in result set 
2024/05/20 00:35:41 ERROR session not found: sql: no rows in result set 
2024/05/20 00:35:41 ERROR session not found: sql: no rows in result set 
2024/05/20 00:35:41 ERROR session not found: sql: no rows in result set 
2024/05/20 00:35:41 ERROR session not found: sql: no rows in result set 
2024/05/20 00:35:41 ERROR session not found: sql: no rows in result set 
2024/05/20 00:35:41 ERROR session not found: sql: no rows in result set 
2024/05/20 00:35:41 ERROR session not found: sql: no rows in result set 
2024/05/20 00:35:41 ERROR session not found: sql: no rows in result set 
2024/05/20 00:35:41 ERROR session not found: sql: no rows in result set 
2024/05/20 00:35:41 ERROR session not found: sql: no rows in result set 
2024/05/20 00:35:41 ERROR session not found: sql: no rows in result set 
2024/05/20 00:35:41 ERROR session not found: sql: no rows in result set 
2024/05/20 00:35:41 ERROR session not found: sql: no rows in result set 
2024/05/20 00:35:41 ERROR session not found: sql: no rows in result set 
2024/05/20 00:35:41 ERROR session not found: sql: no rows in result set 
2024/05/20 00:35:41 ERROR session not found: sql: no rows in result set 
2024/05/20 00:35:41 ERROR session not found: sql: no rows in result set 
2024/05/20 00:35:41 ERROR session not found: sql: no rows in result set 
2024/05/20 00:35:41 ERROR session not found: sql: no rows in result set 
2024/05/20 00:35:41 ERROR session not found: sql: no rows in result set 
2024/05/20 00:35:41 ERROR session not found: sql: no rows in result set 
2024/05/20 00:35:41 ERROR session not found: sql: no rows in result set 
2024/05/20 00:35:41 ERROR session not found: sql: no rows in result set 
2024/05/20 00:35:41 ERROR session not found: sql: no rows in result set 
2024/05/20 00:35:41 ERROR session not found: sql: no rows in result set 
2024/05/20 00:35:41 ERROR session not found: sql: no rows in result set 
2024/05/20 00:35:41 ERROR session not found: sql: no rows in result set 
2024/05/20 00:35:41 ERROR session not found: sql: no rows in result set 
2024/05/20 00:35:41 ERROR session not found: sql: no rows in result set 
2024/05/20 00:35:41 ERROR session not found: sql: no rows in result set 
2024/05/20 00:35:41 ERROR session not found: sql: no rows in result set 
2024/05/20 00:35:41 ERROR session not found: sql: no rows in result set 
2024/05/20 00:35:41 ERROR session not found: sql: no rows in result set 
2024/05/20 00:35:41 ERROR session not found: sql: no rows in result set 
2024/05/20 00:35:41 ERROR session not found: sql: no rows in result set 
2024/05/20 00:35:41 ERROR session not found: sql: no rows in result set 
2024/05/20 00:35:41 ERROR session not found: sql: no rows in result set 
2024/05/20 00:35:41 ERROR session not found: sql: no rows in result set 
2024/05/20 00:35:41 ERROR session not found: sql: no rows in result set 
2024/05/20 00:35:41 ERROR session not found: sql: no rows in result set 
2024/05/20 00:35:41 ERROR session not found: sql: no rows in result set 
2024/05/20 00:35:41 ERROR session not found: sql: no rows in result set 
2024/05/20 00:35:41 ERROR session not found: sql: no rows in result set 
2024/05/20 00:35:41 ERROR session not found: sql: no rows in result set 
2024/05/20 00:35:41 ERROR session not found: sql: no rows in result set 
2024/05/20 00:35:41 ERROR session not found: sql: no rows in result set 
2024/05/20 00:35:41 ERROR session not found: sql: no rows in result set 
2024/05/20 00:35:41 ERROR session not found: sql: no rows in result set 
2024/05/20 00:35:41 ERROR session not found: sql: no rows in result set 
2024/05/20 00:35:41 ERROR session not found: sql: no rows in result set 
2024/05/20 00:35:41 ERROR session not found: sql: no rows in result set 
2024/05/20 00:35:41 ERROR session not found: sql: no rows in result set 
2024/05/20 00:35:41 ERROR session not found: sql: no rows in result set 
2024/05/20 00:35:41 ERROR session not found: sql: no rows in result set 
2024/05/20 00:35:41 ERROR session not found: sql: no rows in result set 
2024/05/20 00:35:41 ERROR session not found: sql: no rows in result set 
2024/05/20 00:35:41 ERROR session not found: sql: no rows in result set 
2024/05/20 00:35:41 ERROR session not found: sql: no rows in result set 
2024/05/20 00:35:41 ERROR session not found: sql: no rows in result set 
2024/05/20 00:35:41 ERROR session not found: sql: no rows in result set 
2024/05/20 00:35:41 ERROR session not found: sql: no rows in result set 
2024/05/20 00:35:41 ERROR session not found: sql: no rows in result set 
2024/05/20 00:35:41 ERROR session not found: sql: no rows in result set 
2024/05/20 00:35:41 ERROR session not found: sql: no rows in result set 
2024/05/20 00:35:41 ERROR session not found: sql: no rows in result set 
2024/05/20 00:35:41 ERROR session not found: sql: no rows in result set 
2024/05/20 00:35:41 ERROR session not found: sql: no rows in result set 
2024/05/20 00:35:41 ERROR session not found: sql: no rows in result set 
2024/05/20 00:35:41 ERROR session not found: sql: no rows in result set 
2024/05/20 00:35:41 ERROR session not found: sql: no rows in result set 
2024/05/20 00:35:41 ERROR session not found: sql: no rows in result set 
2024/05/20 00:35:41 ERROR session not found: sql: no rows in result set 
2024/05/20 00:35:41 ERROR session not found: sql: no rows in result set 
2024/05/20 00:35:41 ERROR session not found: sql: no rows in result set 
2024/05/20 00:35:41 ERROR session not found: sql: no rows in result set 
2024/05/20 00:35:41 ERROR session not found: sql: no rows in result set 
2024/05/20 00:35:41 ERROR session not found: sql: no rows in result set 
2024/05/20 00:35:41 ERROR session not found: sql: no rows in result set 
2024/05/20 00:35:41 ERROR session not found: sql: no rows in result set 
2024/05/20 00:35:41 ERROR session not found: sql: no rows in result set 
2024/05/20 00:35:41 ERROR session not found: sql: no rows in result set 
2024/05/20 00:35:41 ERROR session not found: sql: no rows in result set 
2024/05/20 00:35:41 ERROR session not found: sql: no rows in result set 
2024/05/20 00:35:41 ERROR session not found: sql: no rows in result set 
2024/05/20 00:35:41 ERROR session not found: sql: no rows in result set 
2024/05/20 00:35:41 ERROR session not found: sql: no rows in result set 
2024/05/20 00:35:41 ERROR session not found: sql: no rows in result set 
2024/05/20 00:35:41 ERROR session not found: sql: no rows in result set 
2024/05/20 00:35:41 ERROR session not found: sql: no rows in result set 
2024/05/20 00:35:41 ERROR session not found: sql: no rows in result set 
2024/05/20 00:35:41 ERROR session not found: sql: no rows in result set 
2024/05/20 00:35:41 ERROR session not found: sql: no rows in result set 
2024/05/20 00:35:41 ERROR session not found: sql: no rows in result set 
2024/05/20 00:35:41 ERROR session not found: sql: no rows in result set 
2024/05/20 00:35:41 ERROR session not found: sql: no rows in result set 
2024/05/20 00:35:41 ERROR session not found: sql: no rows in result set 
2024/05/20 00:35:41 ERROR session not found: sql: no rows in result set 
2024/05/20 00:35:41 ERROR session not found: sql: no rows in result set 
2024/05/20 00:35:41 ERROR session not found: sql: no rows in result set 
2024/05/20 00:35:41 ERROR session not found: sql: no rows in result set 
2024/05/20 00:35:41 ERROR session not found: sql: no rows in result set 
2024/05/20 00:35:41 ERROR session not found: sql: no rows in result set 
2024/05/20 00:35:42 ERROR session not found: sql: no rows in result set 
2024/05/20 00:35:42 ERROR session not found: sql: no rows in result set 
2024/05/20 00:35:42 ERROR session not found: sql: no rows in result set 
2024/05/20 00:35:42 ERROR session not found: sql: no rows in result set 
2024/05/20 00:35:42 ERROR session not found: sql: no rows in result set 
2024/05/20 00:35:42 ERROR session not found: sql: no rows in result set 
2024/05/20 00:35:42 ERROR session not found: sql: no rows in result set 
2024/05/20 00:35:42 ERROR session not found: sql: no rows in result set 
2024/05/20 00:35:42 ERROR session not found: sql: no rows in result set 
2024/05/20 00:35:42 ERROR session not found: sql: no rows in result set 
2024/05/20 00:35:42 ERROR session not found: sql: no rows in result set 
2024/05/20 00:35:42 ERROR session not found: sql: no rows in result set 
2024/05/20 00:35:42 ERROR session not found: sql: no rows in result set 
2024/05/20 00:35:42 ERROR session not found: sql: no rows in result set 
2024/05/20 00:35:42 ERROR session not found: sql: no rows in result set 
2024/05/20 00:35:42 ERROR session not found: sql: no rows in result set 
2024/05/20 00:35:42 ERROR session not found: sql: no rows in result set 
2024/05/20 00:35:42 ERROR session not found: sql: no rows in result set 
2024/05/20 00:35:42 ERROR session not found: sql: no rows in result set 
2024/05/20 00:35:42 ERROR session not found: sql: no rows in result set 
2024/05/20 00:35:42 ERROR session not found: sql: no rows in result set 
2024/05/20 00:35:42 ERROR session not found: sql: no rows in result set 
2024/05/20 00:35:42 ERROR session not found: sql: no rows in result set 
2024/05/20 00:35:42 ERROR session not found: sql: no rows in result set 
2024/05/20 00:35:42 ERROR session not found: sql: no rows in result set 
2024/05/20 00:35:42 ERROR session not found: sql: no rows in result set 
2024/05/20 00:35:42 ERROR session not found: sql: no rows in result set 
2024/05/20 00:35:42 ERROR session not found: sql: no rows in result set 
2024/05/20 00:35:42 ERROR session not found: sql: no rows in result set 
2024/05/20 00:35:42 ERROR session not found: sql: no rows in result set 
2024/05/20 00:35:42 ERROR session not found: sql: no rows in result set 
2024/05/20 00:35:42 ERROR session not found: sql: no rows in result set 
2024/05/20 00:35:42 ERROR session not found: sql: no rows in result set 
2024/05/20 00:35:42 ERROR session not found: sql: no rows in result set 
2024/05/20 00:35:42 ERROR session not found: sql: no rows in result set 
2024/05/20 00:35:42 ERROR session not found: sql: no rows in result set 
2024/05/20 00:35:42 ERROR session not found: sql: no rows in result set 
2024/05/20 00:35:42 ERROR session not found: sql: no rows in result set 
2024/05/20 00:35:42 ERROR session not found: sql: no rows in result set 
2024/05/20 00:35:42 ERROR session not found: sql: no rows in result set 
2024/05/20 00:35:42 ERROR session not found: sql: no rows in result set 
2024/05/20 00:35:42 ERROR session not found: sql: no rows in result set 
2024/05/20 00:35:42 ERROR session not found: sql: no rows in result set 
2024/05/20 00:35:42 ERROR session not found: sql: no rows in result set 
2024/05/20 00:35:42 ERROR session not found: sql: no rows in result set 
2024/05/20 00:35:42 ERROR session not found: sql: no rows in result set 
2024/05/20 00:35:42 ERROR session not found: sql: no rows in result set 
2024/05/20 00:35:42 ERROR session not found: sql: no rows in result set 
2024/05/20 00:35:42 ERROR session not found: sql: no rows in result set 
2024/05/20 00:35:42 ERROR session not found: sql: no rows in result set 
2024/05/20 00:35:42 ERROR session not found: sql: no rows in result set 
2024/05/20 00:35:42 ERROR session not found: sql: no rows in result set 
2024/05/20 00:35:42 ERROR session not found: sql: no rows in result set 
2024/05/20 00:35:42 ERROR session not found: sql: no rows in result set 
2024/05/20 00:35:42 ERROR session not found: sql: no rows in result set 
2024/05/20 00:35:42 ERROR session not found: sql: no rows in result set 
2024/05/20 00:35:42 ERROR session not found: sql: no rows in result set 
2024/05/20 00:35:42 ERROR session not found: sql: no rows in result set 
2024/05/20 00:35:42 ERROR session not found: sql: no rows in result set 
2024/05/20 00:35:42 ERROR session not found: sql: no rows in result set 
2024/05/20 00:35:42 ERROR session not found: sql: no rows in result set 
2024/05/20 00:35:42 ERROR session not found: sql: no rows in result set 
2024/05/20 00:35:42 ERROR session not found: sql: no rows in result set 
2024/05/20 00:35:42 ERROR session not found: sql: no rows in result set 
2024/05/20 00:35:42 ERROR session not found: sql: no rows in result set 
2024/05/20 00:35:42 ERROR session not found: sql: no rows in result set 
2024/05/20 00:35:42 ERROR session not found: sql: no rows in result set 
2024/05/20 00:35:42 ERROR session not found: sql: no rows in result set 
2024/05/20 00:35:42 ERROR session not found: sql: no rows in result set 
2024/05/20 00:35:42 ERROR session not found: sql: no rows in result set 
2024/05/20 00:35:42 ERROR session not found: sql: no rows in result set 
2024/05/20 00:35:42 ERROR session not found: sql: no rows in result set 
2024/05/20 00:35:42 ERROR session not found: sql: no rows in result set 
2024/05/20 00:35:42 ERROR session not found: sql: no rows in result set 
2024/05/20 00:35:42 ERROR session not found: sql: no rows in result set 
2024/05/20 00:35:42 ERROR session not found: sql: no rows in result set 
2024/05/20 00:35:42 ERROR session not found: sql: no rows in result set 
2024/05/20 00:35:42 ERROR session not found: sql: no rows in result set 
2024/05/20 00:35:42 ERROR session not found: sql: no rows in result set 
2024/05/20 00:35:42 ERROR session not found: sql: no rows in result set 
2024/05/20 00:35:42 ERROR session not found: sql: no rows in result set 
2024/05/20 00:35:42 ERROR session not found: sql: no rows in result set 
2024/05/20 00:35:42 ERROR session not found: sql: no rows in result set 
2024/05/20 00:35:42 ERROR session not found: sql: no rows in result set 
2024/05/20 00:35:42 ERROR session not found: sql: no rows in result set 
2024/05/20 00:35:42 ERROR session not found: sql: no rows in result set 
2024/05/20 00:35:42 ERROR session not found: sql: no rows in result set 
2024/05/20 00:35:42 ERROR session not found: sql: no rows in result set 
2024/05/20 00:35:42 ERROR session not found: sql: no rows in result set 
2024/05/20 00:35:42 ERROR session not found: sql: no rows in result set 
2024/05/20 00:35:42 ERROR session not found: sql: no rows in result set 
2024/05/20 00:35:42 ERROR session not found: sql: no rows in result set 
2024/05/20 00:35:42 ERROR session not found: sql: no rows in result set 
2024/05/20 00:35:42 ERROR session not found: sql: no rows in result set 
2024/05/20 00:35:42 ERROR session not found: sql: no rows in result set 
2024/05/20 00:35:42 ERROR session not found: sql: no rows in result set 
2024/05/20 00:35:42 ERROR session not found: sql: no rows in result set 
2024/05/20 00:35:42 ERROR session not found: sql: no rows in result set 
2024/05/20 00:35:42 ERROR session not found: sql: no rows in result set 
2024/05/20 00:35:42 ERROR session not found: sql: no rows in result set 
2024/05/20 00:35:42 ERROR session not found: sql: no rows in result set 
2024/05/20 00:35:42 ERROR session not found: sql: no rows in result set 
2024/05/20 00:35:42 ERROR session not found: sql: no rows in result set 
2024/05/20 00:35:42 ERROR session not found: sql: no rows in result set 
2024/05/20 00:35:42 ERROR session not found: sql: no rows in result set 
2024/05/20 00:35:42 ERROR session not found: sql: no rows in result set 
2024/05/20 00:35:42 ERROR session not found: sql: no rows in result set 
2024/05/20 00:35:42 ERROR session not found: sql: no rows in result set 
2024/05/20 00:35:42 ERROR session not found: sql: no rows in result set 
2024/05/20 00:35:42 ERROR session not found: sql: no rows in result set 
2024/05/20 00:35:42 ERROR session not found: sql: no rows in result set 
2024/05/20 00:35:42 ERROR session not found: sql: no rows in result set 
2024/05/20 00:35:42 ERROR session not found: sql: no rows in result set 
2024/05/20 00:35:42 ERROR session not found: sql: no rows in result set 
2024/05/20 00:35:42 ERROR session not found: sql: no rows in result set 
2024/05/20 00:35:42 ERROR session not found: sql: no rows in result set 
2024/05/20 00:35:42 ERROR session not found: sql: no rows in result set 
2024/05/20 00:35:42 ERROR session not found: sql: no rows in result set 
2024/05/20 00:35:42 ERROR session not found: sql: no rows in result set 
2024/05/20 00:35:42 ERROR session not found: sql: no rows in result set 
2024/05/20 00:35:42 ERROR session not found: sql: no rows in result set 
2024/05/20 00:35:42 ERROR session not found: sql: no rows in result set 
2024/05/20 00:35:42 ERROR session not found: sql: no rows in result set 
2024/05/20 00:35:42 ERROR session not found: sql: no rows in result set 
2024/05/20 00:35:42 ERROR session not found: sql: no rows in result set 
2024/05/20 00:35:42 ERROR session not found: sql: no rows in result set 
2024/05/20 00:35:42 ERROR session not found: sql: no rows in result set 
2024/05/20 00:35:42 ERROR session not found: sql: no rows in result set 
2024/05/20 00:35:42 ERROR session not found: sql: no rows in result set 
2024/05/20 00:35:42 ERROR session not found: sql: no rows in result set 
2024/05/20 00:35:42 ERROR session not found: sql: no rows in result set 
2024/05/20 00:35:42 ERROR session not found: sql: no rows in result set 
2024/05/20 00:35:43 ERROR session not found: sql: no rows in result set 
2024/05/20 00:35:43 ERROR session not found: sql: no rows in result set 
2024/05/20 00:35:43 ERROR session not found: sql: no rows in result set 
2024/05/20 00:35:43 ERROR session not found: sql: no rows in result set 
2024/05/20 00:35:43 ERROR session not found: sql: no rows in result set 
2024/05/20 00:35:43 ERROR session not found: sql: no rows in result set 
2024/05/20 00:35:43 ERROR session not found: sql: no rows in result set 
2024/05/20 00:35:43 ERROR session not found: sql: no rows in result set 
2024/05/20 00:35:43 ERROR session not found: sql: no rows in result set 
2024/05/20 00:35:43 ERROR session not found: sql: no rows in result set 
2024/05/20 00:35:43 ERROR session not found: sql: no rows in result set 
2024/05/20 00:35:43 ERROR session not found: sql: no rows in result set 
2024/05/20 00:35:43 ERROR session not found: sql: no rows in result set 
2024/05/20 00:35:43 ERROR session not found: sql: no rows in result set 
2024/05/20 00:35:43 ERROR session not found: sql: no rows in result set 
2024/05/20 00:35:43 ERROR session not found: sql: no rows in result set 
2024/05/20 00:35:43 ERROR session not found: sql: no rows in result set 
2024/05/20 00:35:43 ERROR session not found: sql: no rows in result set 
2024/05/20 00:35:43 ERROR session not found: sql: no rows in result set 
2024/05/20 00:35:43 ERROR session not found: sql: no rows in result set 
2024/05/20 00:35:43 ERROR session not found: sql: no rows in result set 
2024/05/20 00:35:43 ERROR session not found: sql: no rows in result set 
2024/05/20 00:35:43 ERROR session not found: sql: no rows in result set 
2024/05/20 00:35:43 ERROR session not found: sql: no rows in result set 
2024/05/20 00:35:43 ERROR session not found: sql: no rows in result set 
2024/05/20 00:35:43 ERROR session not found: sql: no rows in result set 
2024/05/20 00:35:43 ERROR session not found: sql: no rows in result set 
2024/05/20 00:35:43 ERROR session not found: sql: no rows in result set 
2024/05/20 00:35:43 ERROR session not found: sql: no rows in result set 
2024/05/20 00:35:43 ERROR session not found: sql: no rows in result set 
2024/05/20 00:35:43 ERROR session not found: sql: no rows in result set 
2024/05/20 00:35:43 ERROR session not found: sql: no rows in result set 
2024/05/20 00:35:43 ERROR session not found: sql: no rows in result set 
2024/05/20 00:35:43 ERROR session not found: sql: no rows in result set 
2024/05/20 00:35:43 ERROR session not found: sql: no rows in result set 
2024/05/20 00:35:43 ERROR session not found: sql: no rows in result set 
2024/05/20 00:35:43 ERROR session not found: sql: no rows in result set 
2024/05/20 00:35:43 ERROR session not found: sql: no rows in result set 
2024/05/20 00:35:43 ERROR session not found: sql: no rows in result set 
2024/05/20 00:35:43 ERROR session not found: sql: no rows in result set 
2024/05/20 00:35:43 ERROR session not found: sql: no rows in result set 
2024/05/20 00:35:43 ERROR session not found: sql: no rows in result set 
2024/05/20 00:35:43 ERROR session not found: sql: no rows in result set 
2024/05/20 00:35:43 ERROR session not found: sql: no rows in result set 
2024/05/20 00:35:43 ERROR session not found: sql: no rows in result set 
2024/05/20 00:35:43 ERROR session not found: sql: no rows in result set 
2024/05/20 00:35:43 ERROR session not found: sql: no rows in result set 
2024/05/20 00:35:43 ERROR session not found: sql: no rows in result set 
2024/05/20 00:35:43 ERROR session not found: sql: no rows in result set 
2024/05/20 00:35:43 ERROR session not found: sql: no rows in result set 
2024/05/20 00:35:43 ERROR session not found: sql: no rows in result set 
2024/05/20 00:35:43 ERROR session not found: sql: no rows in result set 
2024/05/20 00:35:43 ERROR session not found: sql: no rows in result set 
2024/05/20 00:35:43 ERROR session not found: sql: no rows in result set 
2024/05/20 00:35:43 ERROR session not found: sql: no rows in result set 
2024/05/20 00:35:43 ERROR session not found: sql: no rows in result set 
2024/05/20 00:35:43 ERROR session not found: sql: no rows in result set 
2024/05/20 00:35:43 ERROR session not found: sql: no rows in result set 
2024/05/20 00:35:43 ERROR session not found: sql: no rows in result set 
2024/05/20 00:35:43 ERROR session not found: sql: no rows in result set 
2024/05/20 00:35:43 ERROR session not found: sql: no rows in result set 
2024/05/20 00:35:43 ERROR session not found: sql: no rows in result set 
2024/05/20 00:35:43 ERROR session not found: sql: no rows in result set 
2024/05/20 00:35:43 ERROR session not found: sql: no rows in result set 
2024/05/20 00:35:43 ERROR session not found: sql: no rows in result set 
2024/05/20 00:35:43 ERROR session not found: sql: no rows in result set 
2024/05/20 00:35:43 ERROR session not found: sql: no rows in result set 
2024/05/20 00:35:43 ERROR session not found: sql: no rows in result set 
2024/05/20 00:35:43 ERROR session not found: sql: no rows in result set 
2024/05/20 00:35:43 ERROR session not found: sql: no rows in result set 
2024/05/20 00:35:43 ERROR session not found: sql: no rows in result set 
2024/05/20 00:35:43 ERROR session not found: sql: no rows in result set 
2024/05/20 00:35:43 ERROR session not found: sql: no rows in result set 
2024/05/20 00:35:43 ERROR session not found: sql: no rows in result set 
2024/05/20 00:35:43 ERROR session not found: sql: no rows in result set 
2024/05/20 00:35:43 ERROR session not found: sql: no rows in result set 
2024/05/20 00:35:43 ERROR session not found: sql: no rows in result set 
2024/05/20 00:35:43 ERROR session not found: sql: no rows in result set 
2024/05/20 00:35:43 ERROR session not found: sql: no rows in result set 
2024/05/20 00:35:43 ERROR session not found: sql: no rows in result set 
2024/05/20 00:35:43 ERROR session not found: sql: no rows in result set 
2024/05/20 00:35:43 ERROR session not found: sql: no rows in result set 
2024/05/20 00:35:43 ERROR session not found: sql: no rows in result set 
2024/05/20 00:35:43 ERROR session not found: sql: no rows in result set 
2024/05/20 00:35:43 ERROR session not found: sql: no rows in result set 
2024/05/20 00:35:43 ERROR session not found: sql: no rows in result set 
2024/05/20 00:35:43 ERROR session not found: sql: no rows in result set 
2024/05/20 00:35:43 ERROR session not found: sql: no rows in result set 
2024/05/20 00:35:43 ERROR session not found: sql: no rows in result set 
2024/05/20 00:35:43 ERROR session not found: sql: no rows in result set 
2024/05/20 00:35:43 ERROR session not found: sql: no rows in result set 
2024/05/20 00:35:43 ERROR session not found: sql: no rows in result set 
2024/05/20 00:35:43 ERROR session not found: sql: no rows in result set 
2024/05/20 00:35:43 ERROR session not found: sql: no rows in result set 
2024/05/20 00:35:43 ERROR session not found: sql: no rows in result set 
2024/05/20 00:35:43 ERROR session not found: sql: no rows in result set 
2024/05/20 00:35:43 ERROR session not found: sql: no rows in result set 
2024/05/20 00:35:43 ERROR session not found: sql: no rows in result set 
2024/05/20 00:35:43 ERROR session not found: sql: no rows in result set 
2024/05/20 00:35:43 ERROR session not found: sql: no rows in result set 
2024/05/20 00:35:43 ERROR session not found: sql: no rows in result set 
2024/05/20 00:35:43 ERROR session not found: sql: no rows in result set 
2024/05/20 00:35:43 ERROR session not found: sql: no rows in result set 
2024/05/20 00:35:43 ERROR session not found: sql: no rows in result set 
2024/05/20 00:35:43 ERROR session not found: sql: no rows in result set 
2024/05/20 00:35:43 ERROR session not found: sql: no rows in result set 
2024/05/20 00:35:43 ERROR session not found: sql: no rows in result set 
2024/05/20 00:35:43 ERROR session not found: sql: no rows in result set 
2024/05/20 00:35:43 ERROR session not found: sql: no rows in result set 
2024/05/20 00:35:43 ERROR session not found: sql: no rows in result set 
2024/05/20 00:35:43 ERROR session not found: sql: no rows in result set 
2024/05/20 00:35:43 ERROR session not found: sql: no rows in result set 
2024/05/20 00:35:43 ERROR session not found: sql: no rows in result set 
2024/05/20 00:35:43 ERROR session not found: sql: no rows in result set 
2024/05/20 00:35:43 ERROR session not found: sql: no rows in result set 
2024/05/20 00:35:44 ERROR session not found: sql: no rows in result set 
2024/05/20 00:35:44 ERROR session not found: sql: no rows in result set 
2024/05/20 00:35:44 ERROR session not found: sql: no rows in result set 
2024/05/20 00:35:44 ERROR session not found: sql: no rows in result set 
2024/05/20 00:35:44 ERROR session not found: sql: no rows in result set 
2024/05/20 00:35:44 ERROR session not found: sql: no rows in result set 
2024/05/20 00:35:44 ERROR session not found: sql: no rows in result set 
2024/05/20 00:35:44 ERROR session not found: sql: no rows in result set 
2024/05/20 00:35:44 ERROR session not found: sql: no rows in result set 
2024/05/20 00:35:44 ERROR session not found: sql: no rows in result set 
2024/05/20 00:35:44 ERROR session not found: sql: no rows in result set 
2024/05/20 00:35:44 ERROR session not found: sql: no rows in result set 
2024/05/20 00:35:44 ERROR session not found: sql: no rows in result set 
2024/05/20 00:35:44 ERROR session not found: sql: no rows in result set 
2024/05/20 00:35:44 ERROR session not found: sql: no rows in result set 
2024/05/20 00:50:43 ERROR session not found: sql: no rows in result set 
2024/05/20 00:57:18 ERROR session not found: sql: no rows in result set 
2024/05/20 00:57:18 ERROR session not found: sql: no rows in result set 
2024/05/20 00:57:47 INFO starting server on localhost:3001 
2024/05/20 00:57:55 ERROR session not found: sql: no rows in result set 
2024/05/20 00:57:55 ERROR session not found: sql: no rows in result set 
2024/05/20 01:00:42 INFO starting server on localhost:3001 
2024/05/20 01:00:46 ERROR session not found: sql: no rows in result set 
2024/05/20 01:00:46 ERROR session not found: sql: no rows in result set 
2024/05/20 01:01:02 INFO user found userLogin=123
2024/05/20 01:01:02 INFO session created userId=18
2024/05/20 01:02:45 INFO starting server on localhost:3001 
2024/05/20 01:03:04 INFO starting server on localhost:3001 
2024/05/20 01:03:09 INFO user found userLogin=123
2024/05/20 01:03:09 INFO session created userId=18
2024/05/20 01:05:49 INFO starting server on localhost:3001 
2024/05/20 01:08:40 ERROR session not found: sql: no rows in result set 
2024/05/20 01:12:44 ERROR session not found: sql: no rows in result set 
2024/05/20 01:12:44 ERROR session not found: sql: no rows in result set 
2024/05/20 01:13:57 ERROR session not found: sql: no rows in result set 
2024/05/20 01:13:57 ERROR session not found: sql: no rows in result set 
2024/05/20 01:14:56 INFO user found userLogin=123
2024/05/20 01:14:56 INFO session created userId=18
2024/05/20 01:15:54 ERROR session not found: sql: no rows in result set 
2024/05/20 01:17:02 ERROR session not found: sql: no rows in result set 
2024/05/20 01:17:10 INFO starting server on localhost:3001 
2024/05/20 01:17:11 ERROR session not found: sql: no rows in result set 
2024/05/20 01:19:43 ERROR session not found: sql: no rows in result set 
2024/05/20 01:20:04 ERROR session not found: sql: no rows in result set 
2024/05/20 01:20:11 INFO user found userLogin=123
2024/05/20 01:20:11 INFO session created userId=18
2024/05/20 01:22:56 INFO user found userLogin=123
2024/05/20 01:22:56 INFO session created userId=18
2024/05/20 18:32:12 INFO starting server on localhost:3001 
2024/05/20 18:33:08 INFO user found userLogin=123
2024/05/20 18:33:08 INFO session created userId=18
2024/05/20 18:35:33 INFO user found userLogin=123
2024/05/20 18:35:33 INFO session created userId=18
2024/05/20 18:35:41 INFO starting server on localhost:3001 
2024/05/20 18:35:44 INFO user found userLogin=123
2024/05/20 18:35:44 INFO session created userId=18
2024/05/20 18:39:13 INFO user found userLogin=123
2024/05/20 18:39:13 INFO session created userId=18
2024/05/20 18:39:33 INFO user found userLogin=123
2024/05/20 18:39:33 INFO session created userId=18
2024/05/20 18:40:19 INFO user found userLogin=123
2024/05/20 18:40:19 INFO session created userId=18
2024/05/20 18:40:55 INFO user found userLogin=123
2024/05/20 18:40:55 INFO session created userId=18
2024/05/20 18:48:21 INFO user found userLogin=123
2024/05/20 18:48:21 INFO session created userId=18
2024/05/20 18:51:09 INFO starting server on localhost:3001 
2024/05/20 18:51:20 INFO user found userLogin=123
2024/05/20 18:51:20 INFO session created userId=18
2024/05/20 18:53:07 INFO starting server on localhost:3001 
2024/05/20 18:53:36 INFO user found userLogin=123
2024/05/20 18:53:36 INFO session created userId=18
2024/05/20 18:55:42 INFO user found userLogin=123
2024/05/20 18:55:42 INFO session created userId=18
2024/05/20 19:01:33 INFO user found userLogin=123
2024/05/20 19:01:33 INFO session created userId=18
2024/05/20 19:16:10 INFO user found userLogin=123
2024/05/20 19:16:10 INFO session created userId=18
2024/05/20 19:50:29 INFO user found userLogin=123
2024/05/20 19:50:29 INFO session created userId=18
2024/05/20 19:51:15 INFO user found userLogin=123
2024/05/20 19:51:15 INFO session created userId=18
2024/05/20 19:52:02 INFO user found userLogin=123
2024/05/20 19:52:02 INFO session created userId=18
2024/05/20 19:52:42 INFO user found userLogin=123
2024/05/20 19:52:42 INFO session created userId=18
2024/05/20 19:53:33 INFO user found userLogin=123
2024/05/20 19:53:33 INFO session created userId=18
2024/05/20 19:55:09 INFO user found userLogin=123
2024/05/20 19:55:09 INFO session created userId=18
2024/05/20 19:55:54 INFO user found userLogin=123
2024/05/20 19:55:54 INFO session created userId=18
2024/05/20 19:56:38 INFO user found userLogin=123
2024/05/20 19:56:38 INFO session created userId=18
2024/05/20 19:56:50 INFO user found userLogin=123
2024/05/20 19:56:50 INFO session created userId=18
2024/05/20 20:39:31 INFO starting server on localhost:3001 
2024/05/20 20:39:50 INFO user found userLogin=123
2024/05/20 20:39:50 INFO session created userId=18
2024/05/20 20:41:11 INFO user found userLogin=123
2024/05/20 20:41:11 INFO session created userId=18
2024/05/20 20:43:18 INFO user found userLogin=123
2024/05/20 20:43:18 INFO session created userId=18
2024/05/20 20:47:35 INFO user found userLogin=123
2024/05/20 20:47:35 INFO session created userId=18
2024/05/20 20:48:17 INFO user found userLogin=123
2024/05/20 20:48:17 INFO session created userId=18
2024/05/20 20:48:26 INFO user found userLogin=123
2024/05/20 20:48:26 INFO session created userId=18
2024/05/20 20:49:17 INFO user found userLogin=123
2024/05/20 20:49:17 INFO session created userId=18
2024/05/20 20:50:36 INFO user found userLogin=123
2024/05/20 20:50:36 INFO session created userId=18
2024/05/20 20:51:53 INFO user found userLogin=123
2024/05/20 20:51:53 INFO session created userId=18
2024/05/20 20:52:50 INFO user found userLogin=123
2024/05/20 20:52:50 INFO session created userId=18
2024/05/20 20:53:55 INFO user found userLogin=123
2024/05/20 20:53:55 INFO session created userId=18
2024/05/20 20:54:14 INFO user found userLogin=123
2024/05/20 20:54:14 INFO session created userId=18
2024/05/20 20:54:55 INFO user found userLogin=123
2024/05/20 20:54:55 INFO session created userId=18
2024/05/20 20:55:02 INFO user found userLogin=123
2024/05/20 20:55:02 INFO session created userId=18
2024/05/20 20:55:43 INFO user found userLogin=123
2024/05/20 20:55:43 INFO session created userId=18
2024/05/20 20:56:43 INFO user found userLogin=123
2024/05/20 20:56:43 INFO session created userId=18
2024/05/20 20:57:40 INFO user found userLogin=123
2024/05/20 20:57:40 INFO session created userId=18
2024/05/20 20:57:58 INFO user found userLogin=123
2024/05/20 20:57:58 INFO session created userId=18
2024/05/20 20:58:57 INFO user found userLogin=123
2024/05/20 20:58:57 INFO session created userId=18
2024/05/20 21:00:52 INFO user found userLogin=123
2024/05/20 21:00:52 INFO session created userId=18
2024/05/20 21:01:25 INFO user found userLogin=123
2024/05/20 21:01:25 INFO session created userId=18
2024/05/20 21:02:05 INFO user found userLogin=123
2024/05/20 21:02:05 INFO session created userId=18
2024/05/20 21:03:40 INFO user found userLogin=123
2024/05/20 21:03:40 INFO session created userId=18
2024/05/20 21:04:50 INFO user found userLogin=123
2024/05/20 21:04:50 INFO session created userId=18
2024/05/20 21:05:31 INFO user found userLogin=123
2024/05/20 21:05:31 INFO session created userId=18
2024/05/20 21:06:07 INFO user found userLogin=123
2024/05/20 21:06:07 INFO session created userId=18
2024/05/20 21:06:26 INFO user found userLogin=123
2024/05/20 21:06:26 INFO session created userId=18
2024/05/20 21:06:31 INFO user found userLogin=123
2024/05/20 21:06:31 INFO session created userId=18
2024/05/20 21:06:41 INFO user found userLogin=123
2024/05/20 21:06:42 INFO session created userId=18
2024/05/20 21:07:04 INFO starting server on localhost:3001 
2024/05/20 21:07:13 INFO user found userLogin=123
2024/05/20 21:07:13 INFO session created userId=18
2024/05/20 21:07:29 INFO user found userLogin=123
2024/05/20 21:07:29 INFO session created userId=18
2024/05/20 21:08:01 INFO user found userLogin=123
2024/05/20 21:08:01 INFO session created userId=18
2024/05/20 21:08:30 INFO user found userLogin=123
2024/05/20 21:08:30 INFO session created userId=18
2024/05/20 21:13:20 INFO user found userLogin=123
2024/05/20 21:13:20 INFO session created userId=18
2024/05/20 21:14:03 INFO user found userLogin=123
2024/05/20 21:14:03 INFO session created userId=18
2024/05/20 21:14:34 INFO user found userLogin=123
2024/05/20 21:14:34 INFO session created userId=18
2024/05/20 21:15:24 INFO user found userLogin=123
2024/05/20 21:15:24 INFO session created userId=18
2024/05/20 21:16:00 INFO user found userLogin=123
2024/05/20 21:16:01 INFO session created userId=18
2024/05/20 21:17:04 INFO user found userLogin=123
2024/05/20 21:17:04 INFO session created userId=18
2024/05/20 21:17:42 INFO user found userLogin=123
2024/05/20 21:17:42 INFO session created userId=18
2024/05/20 21:17:56 INFO user found userLogin=123
2024/05/20 21:17:56 INFO session created userId=18
2024/05/20 21:21:16 INFO user found userLogin=123
2024/05/20 21:21:16 INFO session created userId=18
2024/05/20 21:22:24 INFO user found userLogin=123
2024/05/20 21:22:24 INFO session created userId=18
2024/05/20 21:23:51 INFO user found userLogin=123
2024/05/20 21:23:51 INFO session created userId=18
2024/05/20 21:30:51 INFO user found userLogin=123
2024/05/20 21:30:51 INFO session created userId=18
2024/05/20 21:32:01 INFO user found userLogin=123
2024/05/20 21:32:01 INFO session created userId=18
2024/05/20 21:33:21 INFO user found userLogin=123
2024/05/20 21:33:21 INFO session created userId=18
2024/05/20 21:37:47 INFO user found userLogin=123
2024/05/20 21:37:47 INFO session created userId=18
2024/05/20 21:48:21 INFO user found userLogin=123
2024/05/20 21:48:22 INFO session created userId=18
2024/05/20 21:53:59 INFO user found userLogin=123
2024/05/20 21:53:59 INFO session created userId=18
2024/05/20 22:00:26 INFO user found userLogin=123
2024/05/20 22:00:26 INFO session created userId=18
2024/05/20 22:00:40 INFO user found userLogin=123
2024/05/20 22:00:40 INFO session created userId=18
2024/05/21 21:13:23 INFO starting server on localhost:3001 
2024/05/21 21:14:00 INFO user found userLogin=123
2024/05/21 21:14:00 INFO session created userId=18
2024/05/21 21:15:19 INFO starting server on localhost:3001 
2024/05/21 21:15:36 INFO user found userLogin=123
2024/05/21 21:15:36 INFO session created userId=18
2024/05/21 21:39:43 INFO starting server on localhost:3001 
2024/05/21 21:40:03 ERROR session not found: sql: no rows in result set 
2024/05/21 21:40:19 ERROR session not found: sql: no rows in result set 
2024/05/21 21:43:33 INFO starting server on localhost:3001 
2024/05/21 21:43:36 ERROR session not found: sql: no rows in result set 
2024/05/21 21:43:42 INFO user found userLogin=123
2024/05/21 21:43:42 INFO session created userId=18
2024/05/21 21:45:33 INFO starting server on localhost:3001 
2024/05/21 21:45:42 INFO user found userLogin=123
2024/05/21 21:45:42 INFO session created userId=18
2024/05/21 21:47:35 INFO starting server on localhost:3001 
2024/05/21 21:49:21 INFO user found userLogin=123
2024/05/21 21:49:21 INFO session created userId=18
2024/05/21 21:50:52 INFO user found userLogin=123
2024/05/21 21:50:52 INFO session created userId=18
2024/05/21 22:12:32 INFO starting server on localhost:3001 
2024/05/21 22:16:43 INFO starting server on localhost:3001 
2024/05/21 22:18:12 ERROR session not found: sql: no rows in result set 
2024/05/21 22:18:21 ERROR session not found: sql: no rows in result set 
2024/05/21 22:19:46 INFO starting server on localhost:3001 
2024/05/21 22:21:06 INFO starting server on localhost:3001 
2024/05/21 22:21:12 INFO  
2024/05/21 22:21:12 ERROR session not found: sql: no rows in result set 
2024/05/21 22:21:53 INFO starting server on localhost:3001 
2024/05/21 22:21:55 INFO  
2024/05/21 22:21:55 ERROR session not found: sql: no rows in result set 
2024/05/21 22:23:14 INFO  
2024/05/21 22:23:14 ERROR session not found: sql: no rows in result set 
2024/05/21 22:23:42 INFO starting server on localhost:3001 
2024/05/21 22:23:45 INFO  
2024/05/21 22:23:45 ERROR session not found: sql: no rows in result set 
2024/05/21 22:23:58 INFO  
2024/05/21 22:23:58 ERROR session not found: sql: no rows in result set 
2024/05/21 22:24:50 INFO starting server on localhost:3001 
2024/05/21 22:37:58 INFO starting server on localhost:3001 
2024/05/22 15:42:54 INFO starting server on localhost:3001 
2024/05/22 16:13:26 INFO starting server on localhost:3001 
2024/05/22 16:15:13 INFO starting server on localhost:3001 
2024/05/22 16:18:47 ERROR user not found: sql: no rows in result set userLogin=1231
2024/05/22 16:23:24 INFO starting server on localhost:3001 
